<?xml version="1.0" encoding="UTF-8" ?>
<testsuite tests="35" failures="0" name="DatabaseHandlerTest" time="1.271" errors="0" skipped="0">
  <properties>
[...]
</properties>
  <testcase classname="DatabaseHandlerTest" name="deleteStudent" time="0.708"/>
  <testcase classname="DatabaseHandlerTest" name="getRatingStudents" time="0.031"/>
  <testcase classname="DatabaseHandlerTest" name="getStudentsByGrID" time="0.047"/>
  <testcase classname="DatabaseHandlerTest" name="getNumberOfRetakes" time="0.016"/>
  <testcase classname="DatabaseHandlerTest" name="getUsers_NO_NULL" time="0"/>
  <testcase classname="DatabaseHandlerTest" name="getStudents_NO_NULL" time="0.016"/>
  <testcase classname="DatabaseHandlerTest" name="getGroupByID" time="0.015"/>
  <testcase classname="DatabaseHandlerTest" name="getExams_NO_NULL" time="0.016"/>
  <testcase classname="DatabaseHandlerTest" name="deleteGroup" time="0.015"/>
  <testcase classname="DatabaseHandlerTest" name="signIn" time="0"/>
  <testcase classname="DatabaseHandlerTest" name="isUserCanBeDeleted" time="0.016"/>
  <testcase classname="DatabaseHandlerTest" name="checkPassword" time="0"/>
  <testcase classname="DatabaseHandlerTest" name="updateUserLoginAndPassword" time="0.016"/>
  <testcase classname="DatabaseHandlerTest" name="getExpellList" time="0.015"/>
  <testcase classname="DatabaseHandlerTest" name="createGroup" time="0"/>
  <testcase classname="DatabaseHandlerTest" name="isStudentCanBeDeleted" time="0"/>
  <testcase classname="DatabaseHandlerTest" name="isLoginExists" time="0.016"/>
  <testcase classname="DatabaseHandlerTest" name="updateMark" time="0.047"/>
  <testcase classname="DatabaseHandlerTest" name="updateUser" time="0.031"/>
  <testcase classname="DatabaseHandlerTest" name="createStudent" time="0"/>
  <testcase classname="DatabaseHandlerTest" name="getGroups_NO_NULL" time="0"/>
  <testcase classname="DatabaseHandlerTest" name="getRatingGroups" time="0.016"/>
  <testcase classname="DatabaseHandlerTest" name="isExamCanBeDeleted" time="0"/>
  <testcase classname="DatabaseHandlerTest" name="getMarksByEID" time="0.047"/>
  <testcase classname="DatabaseHandlerTest" name="getStipendList" time="0.015"/>
  <testcase classname="DatabaseHandlerTest" name="createExam" time="0.016"/>
  <testcase classname="DatabaseHandlerTest" name="createMark" time="0"/>
  <testcase classname="DatabaseHandlerTest" name="createUser" time="0.015"/>
  <testcase classname="DatabaseHandlerTest" name="isGroupCanBeDeleted" time="0.016"/>
  <testcase classname="DatabaseHandlerTest" name="deleteExam" time="0.016"/>
  <testcase classname="DatabaseHandlerTest" name="deleteMark" time="0.047"/>
  <testcase classname="DatabaseHandlerTest" name="deleteUser" time="0.015"/>
  <testcase classname="DatabaseHandlerTest" name="getUserByID" time="0"/>
  <testcase classname="DatabaseHandlerTest" name="getMarks_NO_NULL" time="0.031"/>
  <testcase classname="DatabaseHandlerTest" name="getExamsByUID" time="0.032"/>
</testsuite>